2025-05-03 16:23:13 - ERROR - Ошибка соединения: connect ECONNREFUSED 127.0.0.1:9090
2025-05-03 16:28:36 - INFO - Успешное подключение к серверу: 127.0.0.1:6969
2025-05-03 16:28:40 - INFO - Отправлено сообщение: 'Егоров Александр Владиславович М3О-125БВ-24'
2025-05-03 16:28:43 - INFO - Получено сообщение: '42-ВБ521-О3М чивовалсидалВ рднаскелА ворогЕ. Сервер написан Егоровым А.В. М3О-125БВ-24'
2025-05-03 16:28:44 - INFO - Отправлено сообщение: 'Егоров Александр Владиславович М3О-125БВ-24'
2025-05-03 16:28:47 - INFO - Получено сообщение: '42-ВБ521-О3М чивовалсидалВ рднаскелА ворогЕ. Сервер написан Егоровым А.В. М3О-125БВ-24'
2025-05-03 16:28:48 - INFO - Отправлено сообщение: 'Егоров Александр Владиславович М3О-125БВ-24'
2025-05-03 16:28:51 - INFO - Получено сообщение: '42-ВБ521-О3М чивовалсидалВ рднаскелА ворогЕ. Сервер написан Егоровым А.В. М3О-125БВ-24'
2025-05-03 16:28:51 - INFO - Получено сообщение: 'Клиент отключен от сервера.'
2025-05-03 16:28:51 - INFO - Соединение с сервером закрыто
2025-05-03 16:29:09 - INFO - Успешное подключение к серверу: 127.0.0.1:6969
2025-05-03 16:29:14 - INFO - Отправлено сообщение: 'Егоров Александр Владиславович М3О-125БВ-24'
2025-05-03 16:29:17 - INFO - Получено сообщение: '42-ВБ521-О3М чивовалсидалВ рднаскелА ворогЕ. Сервер написан Егоровым А.В. М3О-125БВ-24'
2025-05-03 16:29:19 - INFO - Отправлено сообщение: 'Егоров Александр Владиславович М3О-125БВ-24'
2025-05-03 16:29:22 - INFO - Получено сообщение: '42-ВБ521-О3М чивовалсидалВ рднаскелА ворогЕ. Сервер написан Егоровым А.В. М3О-125БВ-24'
2025-05-03 16:29:22 - INFO - Получено сообщение: 'Клиент отключен от сервера.'
2025-05-03 16:29:22 - INFO - Соединение с сервером закрыто
2025-05-04 16:16:22 - INFO - Успешное подключение к серверу: 127.0.0.1:6969
2025-05-04 16:16:27 - INFO - Отправлено сообщение: 'Егоров Александр Владиславович М3О-125БВ-24'
2025-05-04 16:16:30 - INFO - Получено сообщение: '42-ВБ521-О3М чивовалсидалВ рднаскелА ворогЕ. Сервер написан Егоровым А.В. М3О-125БВ-24'
2025-05-04 16:16:32 - INFO - Отправлено сообщение: 'Егоров Александр Владиславович М3О-125БВ-24'
2025-05-04 16:16:35 - INFO - Получено сообщение: '42-ВБ521-О3М чивовалсидалВ рднаскелА ворогЕ. Сервер написан Егоровым А.В. М3О-125БВ-24'
2025-05-04 16:16:36 - INFO - Соединение с сервером закрыто
